[2019-07-08 08:22:49] slim-app.INFO: Slim '/' route [] {"uid":"2730397"}
[2019-07-08 08:24:04] slim-app.INFO: Slim '/' route [] {"uid":"98621b7"}
[2019-07-08 08:35:24] slim-app.INFO: Slim '/' route [] {"uid":"b419817"}
[2019-07-08 08:43:44] slim-app.INFO: listando ... [] {"uid":"42dce1e"}
[2019-07-08 08:43:52] slim-app.INFO: clientes liberados para pesquisa ... [] {"uid":"de6a44e"}
[2019-07-08 08:44:57] slim-app.INFO: clientes liberados para pesquisa ... [] {"uid":"3cce947"}
[2019-07-08 08:45:17] slim-app.INFO: clientes liberados para pesquisa ... [] {"uid":"60bf0f5"}
[2019-07-08 08:47:26] slim-app.INFO: clientes liberados para pesquisa ... [] {"uid":"6ed199c"}
[2019-07-08 08:47:27] slim-app.INFO: clientes liberados para pesquisa ... [] {"uid":"d0e5151"}
[2019-07-08 08:47:28] slim-app.INFO: clientes liberados para pesquisa ... [] {"uid":"673aa55"}
[2019-07-08 08:47:50] slim-app.INFO: clientes liberados para pesquisa ... [] {"uid":"d1b8842"}
[2019-07-08 08:48:08] slim-app.INFO: clientes liberados para pesquisa ... [] {"uid":"d165ad9"}
[2019-07-08 08:48:46] slim-app.INFO: clientes liberados para pesquisa ... [] {"uid":"cba2dbf"}
[2019-07-08 08:48:57] slim-app.INFO: clientes liberados para pesquisa ... [] {"uid":"ea6c9ed"}
[2019-07-08 10:21:13] slim-app.INFO: listando ... [] {"uid":"32862e1"}
[2019-07-08 10:21:41] slim-app.INFO: lista clientes liberados para pesquisa ... [] {"uid":"43cf914"}
[2019-07-08 10:21:57] slim-app.INFO: checando se cliente liberado para pesquisa ... [] {"uid":"db49d2d"}
[2019-07-08 10:22:02] slim-app.INFO: checando se cliente liberado para pesquisa ... [] {"uid":"250ce35"}
[2019-07-08 10:22:58] slim-app.INFO: lista clientes liberados para pesquisa ... [] {"uid":"1566826"}
[2019-07-08 10:29:39] slim-app.INFO: lista clientes liberados para pesquisa ... [] {"uid":"10f228b"}
[2019-07-08 10:29:40] slim-app.INFO: lista clientes liberados para pesquisa ... [] {"uid":"79b7c1a"}
[2019-07-08 10:32:20] slim-app.INFO: lista clientes liberados para pesquisa ... [] {"uid":"114b538"}
[2019-07-08 10:36:30] slim-app.INFO: lista clientes liberados para pesquisa ... [] {"uid":"6c38bc3"}
[2019-07-08 14:03:47] slim-app.INFO: lista clientes liberados para pesquisa ... [] {"uid":"a067478"}
[2019-07-08 14:06:23] slim-app.INFO: lista clientes liberados para pesquisa ... [] {"uid":"3ece3cc"}
[2019-07-08 14:06:41] slim-app.INFO: lista clientes liberados para pesquisa ... [] {"uid":"d56a85d"}
[2019-07-08 14:08:19] slim-app.INFO: lista clientes liberados para pesquisa ... [] {"uid":"3b8f68e"}
[2019-07-08 11:11:23] slim-app.INFO: lista clientes liberados para pesquisa ... [] {"uid":"b52d3e2"}
[2019-07-08 14:12:27] slim-app.INFO: lista clientes liberados para pesquisa ... [] {"uid":"81dcf46"}
[2019-07-08 11:12:51] slim-app.INFO: checando se cliente liberado para pesquisa ... [] {"uid":"91f4987"}
[2019-07-08 14:14:35] slim-app.INFO: lista clientes liberados para pesquisa ... [] {"uid":"e766f9b"}
[2019-07-08 14:14:50] slim-app.INFO: lista clientes liberados para pesquisa ... [] {"uid":"84e4060"}
[2019-07-08 14:15:07] slim-app.INFO: lista clientes liberados para pesquisa ... [] {"uid":"a3da4e6"}
[2019-07-08 14:16:45] slim-app.INFO: checando se cliente liberado para pesquisa ... [] {"uid":"3c14fc8"}
[2019-07-08 14:18:17] slim-app.INFO: lista clientes liberados para pesquisa ... [] {"uid":"cefa333"}
[2019-07-08 14:18:23] slim-app.INFO: checando se cliente liberado para pesquisa ... [] {"uid":"c3fc737"}
